# JRE version: OpenJDK Runtime Environment (17.0.9) (build 17.0.9+0--11185874)
# Java VM: OpenJDK 64-Bit Server VM (17.0.9+0--11185874, mixed mode, tiered, compressed oops, compressed class ptrs, g1 gc, windows-amd64)
GC Precious Log:
 CPUs: 8 total, 8 available
 Memory: 7834M
 Large Page Support: Disabled
 NUMA Support: Disabled
 Compressed Oops: Enabled (32-bit)
 Heap Region Size: 1M
 Heap Min Capacity: 8M
 Heap Initial Capacity: 124M
 Heap Max Capacity: 2G
 Pre-touch: Disabled
 Parallel Workers: 8
 Concurrent Workers: 2
 Concurrent Refinement Workers: 8
 Periodic GC: Disabled
Heap:
 garbage-first heap   total 241664K, used 159290K [0x0000000080000000, 0x0000000100000000)
  region size 1024K, 4 young (4096K), 4 survivors (4096K)
 Metaspace       used 103600K, committed 104448K, reserved 1179648K
  class space    used 14122K, committed 14528K, reserved 1048576K
GC Heap History (20 events):
Event: 7.333 GC heap after
{Heap after GC invocations=30 (full 0):
 garbage-first heap   total 241664K, used 87684K [0x0000000080000000, 0x0000000100000000)
  region size 1024K, 1 young (1024K), 1 survivors (1024K)
 Metaspace       used 66686K, committed 67392K, reserved 1114112K
  class space    used 9012K, committed 9344K, reserved 1048576K
}
Event: 8.121 GC heap before
{Heap before GC invocations=30 (full 0):
 garbage-first heap   total 241664K, used 166532K [0x0000000080000000, 0x0000000100000000)
  region size 1024K, 72 young (73728K), 1 survivors (1024K)
 Metaspace       used 73303K, committed 73984K, reserved 1114112K
  class space    used 9853K, committed 10176K, reserved 1048576K
}
Event: 8.125 GC heap after
{Heap after GC invocations=31 (full 0):
 garbage-first heap   total 241664K, used 92720K [0x0000000080000000, 0x0000000100000000)
  region size 1024K, 6 young (6144K), 6 survivors (6144K)
 Metaspace       used 73303K, committed 73984K, reserved 1114112K
  class space    used 9853K, committed 10176K, reserved 1048576K
}
Event: 9.163 GC heap before
{Heap before GC invocations=31 (full 0):
 garbage-first heap   total 241664K, used 184880K [0x0000000080000000, 0x0000000100000000)
  region size 1024K, 92 young (94208K), 6 survivors (6144K)
 Metaspace       used 80998K, committed 81728K, reserved 1179648K
  class space    used 10918K, committed 11264K, reserved 1048576K
}
Event: 9.170 GC heap after
{Heap after GC invocations=32 (full 0):
 garbage-first heap   total 241664K, used 101434K [0x0000000080000000, 0x0000000100000000)
  region size 1024K, 10 young (10240K), 10 survivors (10240K)
 Metaspace       used 80998K, committed 81728K, reserved 1179648K
  class space    used 10918K, committed 11264K, reserved 1048576K
}
Event: 9.820 GC heap before
{Heap before GC invocations=32 (full 0):
 garbage-first heap   total 241664K, used 184378K [0x0000000080000000, 0x0000000100000000)
  region size 1024K, 92 young (94208K), 10 survivors (10240K)
 Metaspace       used 85719K, committed 86464K, reserved 1179648K
  class space    used 11540K, committed 11904K, reserved 1048576K
}
Event: 9.828 GC heap after
{Heap after GC invocations=33 (full 0):
 garbage-first heap   total 241664K, used 108393K [0x0000000080000000, 0x0000000100000000)
  region size 1024K, 12 young (12288K), 12 survivors (12288K)
 Metaspace       used 85719K, committed 86464K, reserved 1179648K
  class space    used 11540K, committed 11904K, reserved 1048576K
}
Event: 10.513 GC heap before
{Heap before GC invocations=33 (full 0):
 garbage-first heap   total 241664K, used 189289K [0x0000000080000000, 0x0000000100000000)
  region size 1024K, 90 young (92160K), 12 survivors (12288K)
 Metaspace       used 91234K, committed 91968K, reserved 1179648K
  class space    used 12439K, committed 12800K, reserved 1048576K
}
Event: 10.520 GC heap after
{Heap after GC invocations=34 (full 0):
 garbage-first heap   total 241664K, used 111361K [0x0000000080000000, 0x0000000100000000)
  region size 1024K, 4 young (4096K), 4 survivors (4096K)
 Metaspace       used 91234K, committed 91968K, reserved 1179648K
  class space    used 12439K, committed 12800K, reserved 1048576K
}
Event: 11.350 GC heap before
{Heap before GC invocations=34 (full 0):
 garbage-first heap   total 241664K, used 192257K [0x0000000080000000, 0x0000000100000000)
  region size 1024K, 84 young (86016K), 4 survivors (4096K)
 Metaspace       used 97041K, committed 97856K, reserved 1179648K
  class space    used 13280K, committed 13696K, reserved 1048576K
}
Event: 11.357 GC heap after
{Heap after GC invocations=35 (full 0):
 garbage-first heap   total 241664K, used 116320K [0x0000000080000000, 0x0000000100000000)
  region size 1024K, 9 young (9216K), 9 survivors (9216K)
 Metaspace       used 97041K, committed 97856K, reserved 1179648K
  class space    used 13280K, committed 13696K, reserved 1048576K
}
Event: 12.167 GC heap before
{Heap before GC invocations=36 (full 0):
 garbage-first heap   total 241664K, used 209504K [0x0000000080000000, 0x0000000100000000)
  region size 1024K, 85 young (87040K), 9 survivors (9216K)
 Metaspace       used 102872K, committed 103808K, reserved 1179648K
  class space    used 14028K, committed 14464K, reserved 1048576K
}
Event: 12.175 GC heap after
{Heap after GC invocations=37 (full 0):
 garbage-first heap   total 241664K, used 137488K [0x0000000080000000, 0x0000000100000000)
  region size 1024K, 11 young (11264K), 11 survivors (11264K)
 Metaspace       used 102872K, committed 103808K, reserved 1179648K
  class space    used 14028K, committed 14464K, reserved 1048576K
}
Event: 12.178 GC heap before
{Heap before GC invocations=37 (full 0):
 garbage-first heap   total 241664K, used 138512K [0x0000000080000000, 0x0000000100000000)
  region size 1024K, 12 young (12288K), 11 survivors (11264K)
 Metaspace       used 102878K, committed 103808K, reserved 1179648K
  class space    used 14028K, committed 14464K, reserved 1048576K
}
Event: 12.182 GC heap after
{Heap after GC invocations=38 (full 0):
 garbage-first heap   total 241664K, used 136633K [0x0000000080000000, 0x0000000100000000)
  region size 1024K, 1 young (1024K), 1 survivors (1024K)
 Metaspace       used 102878K, committed 103808K, reserved 1179648K
  class space    used 14028K, committed 14464K, reserved 1048576K
}
Event: 12.516 GC heap before
{Heap before GC invocations=38 (full 0):
 garbage-first heap   total 241664K, used 200121K [0x0000000080000000, 0x0000000100000000)
  region size 1024K, 59 young (60416K), 1 survivors (1024K)
 Metaspace       used 103560K, committed 104448K, reserved 1179648K
  class space    used 14118K, committed 14528K, reserved 1048576K
}
Event: 12.531 GC heap after
{Heap after GC invocations=39 (full 0):
 garbage-first heap   total 241664K, used 155936K [0x0000000080000000, 0x0000000100000000)
  region size 1024K, 8 young (8192K), 8 survivors (8192K)
 Metaspace       used 103560K, committed 104448K, reserved 1179648K
  class space    used 14118K, committed 14528K, reserved 1048576K
}
Event: 12.756 GC heap before
{Heap before GC invocations=39 (full 0):
 garbage-first heap   total 241664K, used 192800K [0x0000000080000000, 0x0000000100000000)
  region size 1024K, 44 young (45056K), 8 survivors (8192K)
 Metaspace       used 103580K, committed 104448K, reserved 1179648K
  class space    used 14118K, committed 14528K, reserved 1048576K
}
Event: 12.761 GC heap after
{Heap after GC invocations=40 (full 0):
 garbage-first heap   total 241664K, used 158496K [0x0000000080000000, 0x0000000100000000)
  region size 1024K, 4 young (4096K), 4 survivors (4096K)
 Metaspace       used 103580K, committed 104448K, reserved 1179648K
  class space    used 14118K, committed 14528K, reserved 1048576K
}
Event: 12.974 GC heap before
{Heap before GC invocations=40 (full 0):
 garbage-first heap   total 241664K, used 196384K [0x0000000080000000, 0x0000000100000000)
  region size 1024K, 41 young (41984K), 4 survivors (4096K)
 Metaspace       used 103600K, committed 104448K, reserved 1179648K
  class space    used 14122K, committed 14528K, reserved 1048576K
}

