# JRE version: OpenJDK Runtime Environment (17.0.9) (build 17.0.9+0--11185874)
# Java VM: OpenJDK 64-Bit Server VM (17.0.9+0--11185874, mixed mode, tiered, compressed oops, compressed class ptrs, g1 gc, windows-amd64)
GC Precious Log:
 CPUs: 8 total, 8 available
 Memory: 7834M
 Large Page Support: Disabled
 NUMA Support: Disabled
 Compressed Oops: Enabled (32-bit)
 Heap Region Size: 1M
 Heap Min Capacity: 8M
 Heap Initial Capacity: 124M
 Heap Max Capacity: 2G
 Pre-touch: Disabled
 Parallel Workers: 8
 Concurrent Workers: 2
 Concurrent Refinement Workers: 8
 Periodic GC: Disabled
Heap:
 garbage-first heap   total 291840K, used 208388K [0x0000000080000000, 0x0000000100000000)
  region size 1024K, 24 young (24576K), 6 survivors (6144K)
 Metaspace       used 154852K, committed 155712K, reserved 1245184K
  class space    used 19724K, committed 20160K, reserved 1048576K
GC Heap History (20 events):
Event: 20.283 GC heap before
{Heap before GC invocations=50 (full 0):
 garbage-first heap   total 263168K, used 158914K [0x0000000080000000, 0x0000000100000000)
  region size 1024K, 12 young (12288K), 10 survivors (10240K)
 Metaspace       used 131667K, committed 132416K, reserved 1179648K
  class space    used 16837K, committed 17216K, reserved 1048576K
}
Event: 20.288 GC heap after
{Heap after GC invocations=51 (full 0):
 garbage-first heap   total 263168K, used 154604K [0x0000000080000000, 0x0000000100000000)
  region size 1024K, 2 young (2048K), 2 survivors (2048K)
 Metaspace       used 131667K, committed 132416K, reserved 1179648K
  class space    used 16837K, committed 17216K, reserved 1048576K
}
Event: 20.966 GC heap before
{Heap before GC invocations=51 (full 0):
 garbage-first heap   total 263168K, used 217068K [0x0000000080000000, 0x0000000100000000)
  region size 1024K, 58 young (59392K), 2 survivors (2048K)
 Metaspace       used 134555K, committed 135360K, reserved 1179648K
  class space    used 17194K, committed 17600K, reserved 1048576K
}
Event: 20.972 GC heap after
{Heap after GC invocations=52 (full 0):
 garbage-first heap   total 263168K, used 167027K [0x0000000080000000, 0x0000000100000000)
  region size 1024K, 8 young (8192K), 8 survivors (8192K)
 Metaspace       used 134555K, committed 135360K, reserved 1179648K
  class space    used 17194K, committed 17600K, reserved 1048576K
}
Event: 21.537 GC heap before
{Heap before GC invocations=53 (full 0):
 garbage-first heap   total 291840K, used 215155K [0x0000000080000000, 0x0000000100000000)
  region size 1024K, 55 young (56320K), 8 survivors (8192K)
 Metaspace       used 139444K, committed 140288K, reserved 1179648K
  class space    used 17708K, committed 18112K, reserved 1048576K
}
Event: 21.541 GC heap after
{Heap after GC invocations=54 (full 0):
 garbage-first heap   total 291840K, used 169206K [0x0000000080000000, 0x0000000100000000)
  region size 1024K, 2 young (2048K), 2 survivors (2048K)
 Metaspace       used 139444K, committed 140288K, reserved 1179648K
  class space    used 17708K, committed 18112K, reserved 1048576K
}
Event: 21.781 GC heap before
{Heap before GC invocations=54 (full 0):
 garbage-first heap   total 291840K, used 181494K [0x0000000080000000, 0x0000000100000000)
  region size 1024K, 14 young (14336K), 2 survivors (2048K)
 Metaspace       used 140539K, committed 141312K, reserved 1179648K
  class space    used 17880K, committed 18240K, reserved 1048576K
}
Event: 21.785 GC heap after
{Heap after GC invocations=55 (full 0):
 garbage-first heap   total 291840K, used 159653K [0x0000000080000000, 0x0000000100000000)
  region size 1024K, 1 young (1024K), 1 survivors (1024K)
 Metaspace       used 140539K, committed 141312K, reserved 1179648K
  class space    used 17880K, committed 18240K, reserved 1048576K
}
Event: 22.568 GC heap before
{Heap before GC invocations=55 (full 0):
 garbage-first heap   total 291840K, used 239525K [0x0000000080000000, 0x0000000100000000)
  region size 1024K, 73 young (74752K), 1 survivors (1024K)
 Metaspace       used 145112K, committed 145920K, reserved 1179648K
  class space    used 18545K, committed 18944K, reserved 1048576K
}
Event: 22.572 GC heap after
{Heap after GC invocations=56 (full 0):
 garbage-first heap   total 291840K, used 165255K [0x0000000080000000, 0x0000000100000000)
  region size 1024K, 7 young (7168K), 7 survivors (7168K)
 Metaspace       used 145112K, committed 145920K, reserved 1179648K
  class space    used 18545K, committed 18944K, reserved 1048576K
}
Event: 23.471 GC heap before
{Heap before GC invocations=56 (full 0):
 garbage-first heap   total 291840K, used 240007K [0x0000000080000000, 0x0000000100000000)
  region size 1024K, 76 young (77824K), 7 survivors (7168K)
 Metaspace       used 150685K, committed 151552K, reserved 1245184K
  class space    used 19310K, committed 19712K, reserved 1048576K
}
Event: 23.477 GC heap after
{Heap after GC invocations=57 (full 0):
 garbage-first heap   total 291840K, used 174351K [0x0000000080000000, 0x0000000100000000)
  region size 1024K, 5 young (5120K), 5 survivors (5120K)
 Metaspace       used 150685K, committed 151552K, reserved 1245184K
  class space    used 19310K, committed 19712K, reserved 1048576K
}
Event: 24.112 GC heap before
{Heap before GC invocations=57 (full 0):
 garbage-first heap   total 291840K, used 241935K [0x0000000080000000, 0x0000000100000000)
  region size 1024K, 70 young (71680K), 5 survivors (5120K)
 Metaspace       used 153974K, committed 154816K, reserved 1245184K
  class space    used 19673K, committed 20096K, reserved 1048576K
}
Event: 24.117 GC heap after
{Heap after GC invocations=58 (full 0):
 garbage-first heap   total 291840K, used 176312K [0x0000000080000000, 0x0000000100000000)
  region size 1024K, 7 young (7168K), 7 survivors (7168K)
 Metaspace       used 153974K, committed 154816K, reserved 1245184K
  class space    used 19673K, committed 20096K, reserved 1048576K
}
Event: 24.482 GC heap before
{Heap before GC invocations=58 (full 0):
 garbage-first heap   total 291840K, used 242872K [0x0000000080000000, 0x0000000100000000)
  region size 1024K, 73 young (74752K), 7 survivors (7168K)
 Metaspace       used 154550K, committed 155328K, reserved 1245184K
  class space    used 19709K, committed 20096K, reserved 1048576K
}
Event: 24.486 GC heap after
{Heap after GC invocations=59 (full 0):
 garbage-first heap   total 291840K, used 178652K [0x0000000080000000, 0x0000000100000000)
  region size 1024K, 5 young (5120K), 5 survivors (5120K)
 Metaspace       used 154550K, committed 155328K, reserved 1245184K
  class space    used 19709K, committed 20096K, reserved 1048576K
}
Event: 24.845 GC heap before
{Heap before GC invocations=59 (full 0):
 garbage-first heap   total 291840K, used 246236K [0x0000000080000000, 0x0000000100000000)
  region size 1024K, 70 young (71680K), 5 survivors (5120K)
 Metaspace       used 154637K, committed 155520K, reserved 1245184K
  class space    used 19711K, committed 20160K, reserved 1048576K
}
Event: 24.852 GC heap after
{Heap after GC invocations=60 (full 0):
 garbage-first heap   total 291840K, used 187768K [0x0000000080000000, 0x0000000100000000)
  region size 1024K, 9 young (9216K), 9 survivors (9216K)
 Metaspace       used 154637K, committed 155520K, reserved 1245184K
  class space    used 19711K, committed 20160K, reserved 1048576K
}
Event: 25.117 GC heap before
{Heap before GC invocations=60 (full 0):
 garbage-first heap   total 291840K, used 242040K [0x0000000080000000, 0x0000000100000000)
  region size 1024K, 62 young (63488K), 9 survivors (9216K)
 Metaspace       used 154696K, committed 155520K, reserved 1245184K
  class space    used 19711K, committed 20160K, reserved 1048576K
}
Event: 25.125 GC heap after
{Heap after GC invocations=61 (full 0):
 garbage-first heap   total 291840K, used 194052K [0x0000000080000000, 0x0000000100000000)
  region size 1024K, 6 young (6144K), 6 survivors (6144K)
 Metaspace       used 154696K, committed 155520K, reserved 1245184K
  class space    used 19711K, committed 20160K, reserved 1048576K
}

