# JRE version: OpenJDK Runtime Environment (17.0.9) (build 17.0.9+0--11185874)
# Java VM: OpenJDK 64-Bit Server VM (17.0.9+0--11185874, mixed mode, tiered, compressed oops, compressed class ptrs, g1 gc, windows-amd64)
GC Precious Log:
 CPUs: 8 total, 8 available
 Memory: 7834M
 Large Page Support: Disabled
 NUMA Support: Disabled
 Compressed Oops: Enabled (32-bit)
 Heap Region Size: 1M
 Heap Min Capacity: 8M
 Heap Initial Capacity: 124M
 Heap Max Capacity: 2G
 Pre-touch: Disabled
 Parallel Workers: 8
 Concurrent Workers: 2
 Concurrent Refinement Workers: 8
 Periodic GC: Disabled
Heap:
 garbage-first heap   total 447488K, used 315688K [0x0000000080000000, 0x0000000100000000)
  region size 1024K, 2 young (2048K), 2 survivors (2048K)
 Metaspace       used 128374K, committed 129280K, reserved 1179648K
  class space    used 17879K, committed 18368K, reserved 1048576K
GC Heap History (20 events):
Event: 15.398 GC heap after
{Heap after GC invocations=39 (full 0):
 garbage-first heap   total 400384K, used 128640K [0x0000000080000000, 0x0000000100000000)
  region size 1024K, 7 young (7168K), 7 survivors (7168K)
 Metaspace       used 109316K, committed 110144K, reserved 1179648K
  class space    used 14989K, committed 15360K, reserved 1048576K
}
Event: 19.833 GC heap before
{Heap before GC invocations=39 (full 0):
 garbage-first heap   total 400384K, used 283264K [0x0000000080000000, 0x0000000100000000)
  region size 1024K, 160 young (163840K), 7 survivors (7168K)
 Metaspace       used 113716K, committed 114560K, reserved 1179648K
  class space    used 15623K, committed 16064K, reserved 1048576K
}
Event: 19.845 GC heap after
{Heap after GC invocations=40 (full 0):
 garbage-first heap   total 400384K, used 137879K [0x0000000080000000, 0x0000000100000000)
  region size 1024K, 16 young (16384K), 16 survivors (16384K)
 Metaspace       used 113716K, committed 114560K, reserved 1179648K
  class space    used 15623K, committed 16064K, reserved 1048576K
}
Event: 21.589 GC heap before
{Heap before GC invocations=41 (full 0):
 garbage-first heap   total 400384K, used 366231K [0x0000000080000000, 0x0000000100000000)
  region size 1024K, 185 young (189440K), 16 survivors (16384K)
 Metaspace       used 126898K, committed 127872K, reserved 1179648K
  class space    used 17757K, committed 18240K, reserved 1048576K
}
Event: 21.620 GC heap after
{Heap after GC invocations=42 (full 0):
 garbage-first heap   total 414720K, used 196061K [0x0000000080000000, 0x0000000100000000)
  region size 1024K, 24 young (24576K), 24 survivors (24576K)
 Metaspace       used 126898K, committed 127872K, reserved 1179648K
  class space    used 17757K, committed 18240K, reserved 1048576K
}
Event: 21.636 GC heap before
{Heap before GC invocations=42 (full 0):
 garbage-first heap   total 414720K, used 196061K [0x0000000080000000, 0x0000000100000000)
  region size 1024K, 25 young (25600K), 24 survivors (24576K)
 Metaspace       used 126915K, committed 127872K, reserved 1179648K
  class space    used 17757K, committed 18240K, reserved 1048576K
}
Event: 21.652 GC heap after
{Heap after GC invocations=43 (full 0):
 garbage-first heap   total 414720K, used 198996K [0x0000000080000000, 0x0000000100000000)
  region size 1024K, 4 young (4096K), 4 survivors (4096K)
 Metaspace       used 126915K, committed 127872K, reserved 1179648K
  class space    used 17757K, committed 18240K, reserved 1048576K
}
Event: 22.145 GC heap before
{Heap before GC invocations=43 (full 0):
 garbage-first heap   total 414720K, used 320852K [0x0000000080000000, 0x0000000100000000)
  region size 1024K, 122 young (124928K), 4 survivors (4096K)
 Metaspace       used 127349K, committed 128256K, reserved 1179648K
  class space    used 17779K, committed 18240K, reserved 1048576K
}
Event: 22.178 GC heap after
{Heap after GC invocations=44 (full 0):
 garbage-first heap   total 414720K, used 260608K [0x0000000080000000, 0x0000000100000000)
  region size 1024K, 16 young (16384K), 16 survivors (16384K)
 Metaspace       used 127349K, committed 128256K, reserved 1179648K
  class space    used 17779K, committed 18240K, reserved 1048576K
}
Event: 22.598 GC heap before
{Heap before GC invocations=45 (full 0):
 garbage-first heap   total 447488K, used 301568K [0x0000000080000000, 0x0000000100000000)
  region size 1024K, 72 young (73728K), 16 survivors (16384K)
 Metaspace       used 127701K, committed 128640K, reserved 1179648K
  class space    used 17850K, committed 18304K, reserved 1048576K
}
Event: 22.616 GC heap after
{Heap after GC invocations=46 (full 0):
 garbage-first heap   total 447488K, used 252065K [0x0000000080000000, 0x0000000100000000)
  region size 1024K, 8 young (8192K), 8 survivors (8192K)
 Metaspace       used 127701K, committed 128640K, reserved 1179648K
  class space    used 17850K, committed 18304K, reserved 1048576K
}
Event: 22.638 GC heap before
{Heap before GC invocations=46 (full 0):
 garbage-first heap   total 447488K, used 265377K [0x0000000080000000, 0x0000000100000000)
  region size 1024K, 21 young (21504K), 8 survivors (8192K)
 Metaspace       used 127728K, committed 128640K, reserved 1179648K
  class space    used 17852K, committed 18304K, reserved 1048576K
}
Event: 22.647 GC heap after
{Heap after GC invocations=47 (full 0):
 garbage-first heap   total 447488K, used 250478K [0x0000000080000000, 0x0000000100000000)
  region size 1024K, 2 young (2048K), 2 survivors (2048K)
 Metaspace       used 127728K, committed 128640K, reserved 1179648K
  class space    used 17852K, committed 18304K, reserved 1048576K
}
Event: 23.397 GC heap before
{Heap before GC invocations=47 (full 0):
 garbage-first heap   total 447488K, used 352878K [0x0000000080000000, 0x0000000100000000)
  region size 1024K, 91 young (93184K), 2 survivors (2048K)
 Metaspace       used 127955K, committed 128832K, reserved 1179648K
  class space    used 17861K, committed 18304K, reserved 1048576K
}
Event: 23.409 GC heap after
{Heap after GC invocations=48 (full 0):
 garbage-first heap   total 447488K, used 266884K [0x0000000080000000, 0x0000000100000000)
  region size 1024K, 7 young (7168K), 7 survivors (7168K)
 Metaspace       used 127955K, committed 128832K, reserved 1179648K
  class space    used 17861K, committed 18304K, reserved 1048576K
}
Event: 23.910 GC heap before
{Heap before GC invocations=48 (full 0):
 garbage-first heap   total 447488K, used 372356K [0x0000000080000000, 0x0000000100000000)
  region size 1024K, 92 young (94208K), 7 survivors (7168K)
 Metaspace       used 128248K, committed 129152K, reserved 1179648K
  class space    used 17876K, committed 18368K, reserved 1048576K
}
Event: 23.921 GC heap after
{Heap after GC invocations=49 (full 0):
 garbage-first heap   total 447488K, used 290256K [0x0000000080000000, 0x0000000100000000)
  region size 1024K, 12 young (12288K), 12 survivors (12288K)
 Metaspace       used 128248K, committed 129152K, reserved 1179648K
  class space    used 17876K, committed 18368K, reserved 1048576K
}
Event: 24.292 GC heap before
{Heap before GC invocations=49 (full 0):
 garbage-first heap   total 447488K, used 380368K [0x0000000080000000, 0x0000000100000000)
  region size 1024K, 84 young (86016K), 12 survivors (12288K)
 Metaspace       used 128324K, committed 129280K, reserved 1179648K
  class space    used 17876K, committed 18368K, reserved 1048576K
}
Event: 24.310 GC heap after
{Heap after GC invocations=50 (full 0):
 garbage-first heap   total 447488K, used 313472K [0x0000000080000000, 0x0000000100000000)
  region size 1024K, 11 young (11264K), 11 survivors (11264K)
 Metaspace       used 128324K, committed 129280K, reserved 1179648K
  class space    used 17876K, committed 18368K, reserved 1048576K
}
Event: 24.774 GC heap before
{Heap before GC invocations=50 (full 0):
 garbage-first heap   total 447488K, used 390272K [0x0000000080000000, 0x0000000100000000)
  region size 1024K, 66 young (67584K), 11 survivors (11264K)
 Metaspace       used 128374K, committed 129280K, reserved 1179648K
  class space    used 17879K, committed 18368K, reserved 1048576K
}

