# JRE version: OpenJDK Runtime Environment (17.0.9) (build 17.0.9+0--11185874)
# Java VM: OpenJDK 64-Bit Server VM (17.0.9+0--11185874, mixed mode, tiered, compressed oops, compressed class ptrs, g1 gc, windows-amd64)
GC Precious Log:
 CPUs: 8 total, 8 available
 Memory: 7834M
 Large Page Support: Disabled
 NUMA Support: Disabled
 Compressed Oops: Enabled (32-bit)
 Heap Region Size: 1M
 Heap Min Capacity: 8M
 Heap Initial Capacity: 124M
 Heap Max Capacity: 2G
 Pre-touch: Disabled
 Parallel Workers: 8
 Concurrent Workers: 2
 Concurrent Refinement Workers: 8
 Periodic GC: Disabled
Heap:
 garbage-first heap   total 261120K, used 156396K [0x0000000080000000, 0x0000000100000000)
  region size 1024K, 4 young (4096K), 4 survivors (4096K)
 Metaspace       used 102975K, committed 103808K, reserved 1179648K
  class space    used 14041K, committed 14400K, reserved 1048576K
GC Heap History (20 events):
Event: 10.858 GC heap after
{Heap after GC invocations=42 (full 0):
 garbage-first heap   total 196608K, used 102542K [0x0000000080000000, 0x0000000100000000)
  region size 1024K, 1 young (1024K), 1 survivors (1024K)
 Metaspace       used 83772K, committed 84480K, reserved 1179648K
  class space    used 11307K, committed 11648K, reserved 1048576K
}
Event: 11.349 GC heap before
{Heap before GC invocations=42 (full 0):
 garbage-first heap   total 196608K, used 160910K [0x0000000080000000, 0x0000000100000000)
  region size 1024K, 58 young (59392K), 1 survivors (1024K)
 Metaspace       used 85892K, committed 86592K, reserved 1179648K
  class space    used 11571K, committed 11904K, reserved 1048576K
}
Event: 11.353 GC heap after
{Heap after GC invocations=43 (full 0):
 garbage-first heap   total 196608K, used 107267K [0x0000000080000000, 0x0000000100000000)
  region size 1024K, 6 young (6144K), 6 survivors (6144K)
 Metaspace       used 85892K, committed 86592K, reserved 1179648K
  class space    used 11571K, committed 11904K, reserved 1048576K
}
Event: 11.916 GC heap before
{Heap before GC invocations=44 (full 0):
 garbage-first heap   total 196608K, used 161539K [0x0000000080000000, 0x0000000100000000)
  region size 1024K, 58 young (59392K), 6 survivors (6144K)
 Metaspace       used 89544K, committed 90304K, reserved 1179648K
  class space    used 12154K, committed 12480K, reserved 1048576K
}
Event: 11.924 GC heap after
{Heap after GC invocations=45 (full 0):
 garbage-first heap   total 196608K, used 109390K [0x0000000080000000, 0x0000000100000000)
  region size 1024K, 3 young (3072K), 3 survivors (3072K)
 Metaspace       used 89544K, committed 90304K, reserved 1179648K
  class space    used 12154K, committed 12480K, reserved 1048576K
}
Event: 12.037 GC heap before
{Heap before GC invocations=45 (full 0):
 garbage-first heap   total 196608K, used 115534K [0x0000000080000000, 0x0000000100000000)
  region size 1024K, 9 young (9216K), 3 survivors (3072K)
 Metaspace       used 89980K, committed 90688K, reserved 1179648K
  class space    used 12236K, committed 12544K, reserved 1048576K
}
Event: 12.044 GC heap after
{Heap after GC invocations=46 (full 0):
 garbage-first heap   total 236544K, used 108608K [0x0000000080000000, 0x0000000100000000)
  region size 1024K, 1 young (1024K), 1 survivors (1024K)
 Metaspace       used 89980K, committed 90688K, reserved 1179648K
  class space    used 12236K, committed 12544K, reserved 1048576K
}
Event: 13.266 GC heap before
{Heap before GC invocations=46 (full 0):
 garbage-first heap   total 236544K, used 186432K [0x0000000080000000, 0x0000000100000000)
  region size 1024K, 77 young (78848K), 1 survivors (1024K)
 Metaspace       used 95690K, committed 96448K, reserved 1179648K
  class space    used 13159K, committed 13504K, reserved 1048576K
}
Event: 13.269 GC heap after
{Heap after GC invocations=47 (full 0):
 garbage-first heap   total 236544K, used 111740K [0x0000000080000000, 0x0000000100000000)
  region size 1024K, 4 young (4096K), 4 survivors (4096K)
 Metaspace       used 95690K, committed 96448K, reserved 1179648K
  class space    used 13159K, committed 13504K, reserved 1048576K
}
Event: 14.249 GC heap before
{Heap before GC invocations=48 (full 0):
 garbage-first heap   total 236544K, used 211068K [0x0000000080000000, 0x0000000100000000)
  region size 1024K, 86 young (88064K), 4 survivors (4096K)
 Metaspace       used 102093K, committed 102912K, reserved 1179648K
  class space    used 13930K, committed 14272K, reserved 1048576K
}
Event: 14.257 GC heap after
{Heap after GC invocations=49 (full 0):
 garbage-first heap   total 236544K, used 134088K [0x0000000080000000, 0x0000000100000000)
  region size 1024K, 11 young (11264K), 11 survivors (11264K)
 Metaspace       used 102093K, committed 102912K, reserved 1179648K
  class space    used 13930K, committed 14272K, reserved 1048576K
}
Event: 14.259 GC heap before
{Heap before GC invocations=49 (full 0):
 garbage-first heap   total 236544K, used 135112K [0x0000000080000000, 0x0000000100000000)
  region size 1024K, 12 young (12288K), 11 survivors (11264K)
 Metaspace       used 102093K, committed 102912K, reserved 1179648K
  class space    used 13930K, committed 14272K, reserved 1048576K
}
Event: 14.265 GC heap after
{Heap after GC invocations=50 (full 0):
 garbage-first heap   total 236544K, used 133855K [0x0000000080000000, 0x0000000100000000)
  region size 1024K, 1 young (1024K), 1 survivors (1024K)
 Metaspace       used 102093K, committed 102912K, reserved 1179648K
  class space    used 13930K, committed 14272K, reserved 1048576K
}
Event: 14.430 GC heap before
{Heap before GC invocations=50 (full 0):
 garbage-first heap   total 236544K, used 149215K [0x0000000080000000, 0x0000000100000000)
  region size 1024K, 17 young (17408K), 1 survivors (1024K)
 Metaspace       used 102948K, committed 103744K, reserved 1179648K
  class space    used 14039K, committed 14400K, reserved 1048576K
}
Event: 14.432 GC heap after
{Heap after GC invocations=51 (full 0):
 garbage-first heap   total 236544K, used 134303K [0x0000000080000000, 0x0000000100000000)
  region size 1024K, 2 young (2048K), 2 survivors (2048K)
 Metaspace       used 102948K, committed 103744K, reserved 1179648K
  class space    used 14039K, committed 14400K, reserved 1048576K
}
Event: 14.822 GC heap before
{Heap before GC invocations=52 (full 0):
 garbage-first heap   total 261120K, used 199839K [0x0000000080000000, 0x0000000100000000)
  region size 1024K, 63 young (64512K), 2 survivors (2048K)
 Metaspace       used 102967K, committed 103808K, reserved 1179648K
  class space    used 14040K, committed 14400K, reserved 1048576K
}
Event: 14.835 GC heap after
{Heap after GC invocations=53 (full 0):
 garbage-first heap   total 261120K, used 154247K [0x0000000080000000, 0x0000000100000000)
  region size 1024K, 8 young (8192K), 8 survivors (8192K)
 Metaspace       used 102967K, committed 103808K, reserved 1179648K
  class space    used 14040K, committed 14400K, reserved 1048576K
}
Event: 14.866 GC heap before
{Heap before GC invocations=53 (full 0):
 garbage-first heap   total 261120K, used 157319K [0x0000000080000000, 0x0000000100000000)
  region size 1024K, 12 young (12288K), 8 survivors (8192K)
 Metaspace       used 102969K, committed 103808K, reserved 1179648K
  class space    used 14040K, committed 14400K, reserved 1048576K
}
Event: 14.872 GC heap after
{Heap after GC invocations=54 (full 0):
 garbage-first heap   total 261120K, used 154556K [0x0000000080000000, 0x0000000100000000)
  region size 1024K, 2 young (2048K), 2 survivors (2048K)
 Metaspace       used 102969K, committed 103808K, reserved 1179648K
  class space    used 14040K, committed 14400K, reserved 1048576K
}
Event: 15.578 GC heap before
{Heap before GC invocations=54 (full 0):
 garbage-first heap   total 261120K, used 207804K [0x0000000080000000, 0x0000000100000000)
  region size 1024K, 54 young (55296K), 2 survivors (2048K)
 Metaspace       used 102975K, committed 103808K, reserved 1179648K
  class space    used 14041K, committed 14400K, reserved 1048576K
}

