# JRE version: OpenJDK Runtime Environment (17.0.9) (build 17.0.9+0--11185874)
# Java VM: OpenJDK 64-Bit Server VM (17.0.9+0--11185874, mixed mode, tiered, compressed oops, compressed class ptrs, g1 gc, windows-amd64)
GC Precious Log:
 CPUs: 8 total, 8 available
 Memory: 7834M
 Large Page Support: Disabled
 NUMA Support: Disabled
 Compressed Oops: Enabled (32-bit)
 Heap Region Size: 1M
 Heap Min Capacity: 8M
 Heap Initial Capacity: 124M
 Heap Max Capacity: 2G
 Pre-touch: Disabled
 Parallel Workers: 8
 Concurrent Workers: 2
 Concurrent Refinement Workers: 8
 Periodic GC: Disabled
Heap:
 garbage-first heap   total 305152K, used 231047K [0x0000000080000000, 0x0000000100000000)
  region size 1024K, 129 young (132096K), 2 survivors (2048K)
 Metaspace       used 89017K, committed 89728K, reserved 1179648K
  class space    used 12028K, committed 12352K, reserved 1048576K
GC Heap History (20 events):
Event: 5.868 GC heap before
{Heap before GC invocations=23 (full 0):
 garbage-first heap   total 101376K, used 82012K [0x0000000080000000, 0x0000000100000000)
  region size 1024K, 27 young (27648K), 4 survivors (4096K)
 Metaspace       used 59580K, committed 60288K, reserved 1114112K
  class space    used 8166K, committed 8512K, reserved 1048576K
}
Event: 5.872 GC heap after
{Heap after GC invocations=24 (full 0):
 garbage-first heap   total 121856K, used 59883K [0x0000000080000000, 0x0000000100000000)
  region size 1024K, 4 young (4096K), 4 survivors (4096K)
 Metaspace       used 59580K, committed 60288K, reserved 1114112K
  class space    used 8166K, committed 8512K, reserved 1048576K
}
Event: 6.315 GC heap before
{Heap before GC invocations=25 (full 0):
 garbage-first heap   total 121856K, used 92651K [0x0000000080000000, 0x0000000100000000)
  region size 1024K, 38 young (38912K), 4 survivors (4096K)
 Metaspace       used 60533K, committed 61248K, reserved 1114112K
  class space    used 8247K, committed 8576K, reserved 1048576K
}
Event: 6.321 GC heap after
{Heap after GC invocations=26 (full 0):
 garbage-first heap   total 121856K, used 65149K [0x0000000080000000, 0x0000000100000000)
  region size 1024K, 6 young (6144K), 6 survivors (6144K)
 Metaspace       used 60533K, committed 61248K, reserved 1114112K
  class space    used 8247K, committed 8576K, reserved 1048576K
}
Event: 6.556 GC heap before
{Heap before GC invocations=27 (full 0):
 garbage-first heap   total 130048K, used 110205K [0x0000000080000000, 0x0000000100000000)
  region size 1024K, 37 young (37888K), 6 survivors (6144K)
 Metaspace       used 62129K, committed 62784K, reserved 1114112K
  class space    used 8463K, committed 8768K, reserved 1048576K
}
Event: 6.561 GC heap after
{Heap after GC invocations=28 (full 0):
 garbage-first heap   total 130048K, used 86702K [0x0000000080000000, 0x0000000100000000)
  region size 1024K, 5 young (5120K), 5 survivors (5120K)
 Metaspace       used 62129K, committed 62784K, reserved 1114112K
  class space    used 8463K, committed 8768K, reserved 1048576K
}
Event: 6.566 GC heap before
{Heap before GC invocations=28 (full 0):
 garbage-first heap   total 130048K, used 86702K [0x0000000080000000, 0x0000000100000000)
  region size 1024K, 6 young (6144K), 5 survivors (5120K)
 Metaspace       used 62219K, committed 62912K, reserved 1114112K
  class space    used 8468K, committed 8768K, reserved 1048576K
}
Event: 6.568 GC heap after
{Heap after GC invocations=29 (full 0):
 garbage-first heap   total 130048K, used 86853K [0x0000000080000000, 0x0000000100000000)
  region size 1024K, 1 young (1024K), 1 survivors (1024K)
 Metaspace       used 62219K, committed 62912K, reserved 1114112K
  class space    used 8468K, committed 8768K, reserved 1048576K
}
Event: 6.728 GC heap before
{Heap before GC invocations=29 (full 0):
 garbage-first heap   total 130048K, used 107333K [0x0000000080000000, 0x0000000100000000)
  region size 1024K, 21 young (21504K), 1 survivors (1024K)
 Metaspace       used 63834K, committed 64576K, reserved 1114112K
  class space    used 8692K, committed 9024K, reserved 1048576K
}
Event: 6.730 GC heap after
{Heap after GC invocations=30 (full 0):
 garbage-first heap   total 130048K, used 87017K [0x0000000080000000, 0x0000000100000000)
  region size 1024K, 1 young (1024K), 1 survivors (1024K)
 Metaspace       used 63834K, committed 64576K, reserved 1114112K
  class space    used 8692K, committed 9024K, reserved 1048576K
}
Event: 6.937 GC heap before
{Heap before GC invocations=31 (full 0):
 garbage-first heap   total 152576K, used 107497K [0x0000000080000000, 0x0000000100000000)
  region size 1024K, 22 young (22528K), 1 survivors (1024K)
 Metaspace       used 66099K, committed 66816K, reserved 1114112K
  class space    used 8937K, committed 9280K, reserved 1048576K
}
Event: 6.940 GC heap after
{Heap after GC invocations=32 (full 0):
 garbage-first heap   total 152576K, used 87484K [0x0000000080000000, 0x0000000100000000)
  region size 1024K, 1 young (1024K), 1 survivors (1024K)
 Metaspace       used 66099K, committed 66816K, reserved 1114112K
  class space    used 8937K, committed 9280K, reserved 1048576K
}
Event: 7.027 GC heap before
{Heap before GC invocations=32 (full 0):
 garbage-first heap   total 152576K, used 92604K [0x0000000080000000, 0x0000000100000000)
  region size 1024K, 7 young (7168K), 1 survivors (1024K)
 Metaspace       used 66899K, committed 67648K, reserved 1114112K
  class space    used 9025K, committed 9408K, reserved 1048576K
}
Event: 7.031 GC heap after
{Heap after GC invocations=33 (full 0):
 garbage-first heap   total 152576K, used 87224K [0x0000000080000000, 0x0000000100000000)
  region size 1024K, 1 young (1024K), 1 survivors (1024K)
 Metaspace       used 66899K, committed 67648K, reserved 1114112K
  class space    used 9025K, committed 9408K, reserved 1048576K
}
Event: 7.414 GC heap before
{Heap before GC invocations=33 (full 0):
 garbage-first heap   total 152576K, used 123064K [0x0000000080000000, 0x0000000100000000)
  region size 1024K, 36 young (36864K), 1 survivors (1024K)
 Metaspace       used 70488K, committed 71168K, reserved 1114112K
  class space    used 9495K, committed 9856K, reserved 1048576K
}
Event: 7.418 GC heap after
{Heap after GC invocations=34 (full 0):
 garbage-first heap   total 305152K, used 88514K [0x0000000080000000, 0x0000000100000000)
  region size 1024K, 2 young (2048K), 2 survivors (2048K)
 Metaspace       used 70488K, committed 71168K, reserved 1114112K
  class space    used 9495K, committed 9856K, reserved 1048576K
}
Event: 8.599 GC heap before
{Heap before GC invocations=35 (full 0):
 garbage-first heap   total 305152K, used 223682K [0x0000000080000000, 0x0000000100000000)
  region size 1024K, 125 young (128000K), 2 survivors (2048K)
 Metaspace       used 81300K, committed 82048K, reserved 1179648K
  class space    used 10968K, committed 11328K, reserved 1048576K
}
Event: 8.606 GC heap after
{Heap after GC invocations=36 (full 0):
 garbage-first heap   total 305152K, used 100726K [0x0000000080000000, 0x0000000100000000)
  region size 1024K, 10 young (10240K), 10 survivors (10240K)
 Metaspace       used 81300K, committed 82048K, reserved 1179648K
  class space    used 10968K, committed 11328K, reserved 1048576K
}
Event: 8.641 GC heap before
{Heap before GC invocations=36 (full 0):
 garbage-first heap   total 305152K, used 104822K [0x0000000080000000, 0x0000000100000000)
  region size 1024K, 14 young (14336K), 10 survivors (10240K)
 Metaspace       used 81723K, committed 82432K, reserved 1179648K
  class space    used 11019K, committed 11328K, reserved 1048576K
}
Event: 8.647 GC heap after
{Heap after GC invocations=37 (full 0):
 garbage-first heap   total 305152K, used 102023K [0x0000000080000000, 0x0000000100000000)
  region size 1024K, 2 young (2048K), 2 survivors (2048K)
 Metaspace       used 81723K, committed 82432K, reserved 1179648K
  class space    used 11019K, committed 11328K, reserved 1048576K
}

