# JRE version: OpenJDK Runtime Environment (17.0.9) (build 17.0.9+0--11185874)
# Java VM: OpenJDK 64-Bit Server VM (17.0.9+0--11185874, mixed mode, tiered, compressed oops, compressed class ptrs, g1 gc, windows-amd64)
GC Precious Log:
 CPUs: 8 total, 8 available
 Memory: 7834M
 Large Page Support: Disabled
 NUMA Support: Disabled
 Compressed Oops: Enabled (32-bit)
 Heap Region Size: 1M
 Heap Min Capacity: 8M
 Heap Initial Capacity: 124M
 Heap Max Capacity: 2G
 Pre-touch: Disabled
 Parallel Workers: 8
 Concurrent Workers: 2
 Concurrent Refinement Workers: 8
 Periodic GC: Disabled
Heap:
 garbage-first heap   total 245760K, used 168463K [0x0000000080000000, 0x0000000100000000)
  region size 1024K, 4 young (4096K), 4 survivors (4096K)
 Metaspace       used 105867K, committed 106816K, reserved 1179648K
  class space    used 14393K, committed 14848K, reserved 1048576K
GC Heap History (20 events):
Event: 7.043 GC heap after
{Heap after GC invocations=27 (full 0):
 garbage-first heap   total 119808K, used 69528K [0x0000000080000000, 0x0000000100000000)
  region size 1024K, 4 young (4096K), 4 survivors (4096K)
 Metaspace       used 69470K, committed 70080K, reserved 1114112K
  class space    used 9383K, committed 9664K, reserved 1048576K
}
Event: 7.298 GC heap before
{Heap before GC invocations=28 (full 0):
 garbage-first heap   total 122880K, used 98200K [0x0000000080000000, 0x0000000100000000)
  region size 1024K, 32 young (32768K), 4 survivors (4096K)
 Metaspace       used 71428K, committed 72000K, reserved 1114112K
  class space    used 9648K, committed 9920K, reserved 1048576K
}
Event: 7.302 GC heap after
{Heap after GC invocations=29 (full 0):
 garbage-first heap   total 245760K, used 70661K [0x0000000080000000, 0x0000000100000000)
  region size 1024K, 2 young (2048K), 2 survivors (2048K)
 Metaspace       used 71428K, committed 72000K, reserved 1114112K
  class space    used 9648K, committed 9920K, reserved 1048576K
}
Event: 7.416 GC heap before
{Heap before GC invocations=29 (full 0):
 garbage-first heap   total 245760K, used 80901K [0x0000000080000000, 0x0000000100000000)
  region size 1024K, 12 young (12288K), 2 survivors (2048K)
 Metaspace       used 72143K, committed 72704K, reserved 1114112K
  class space    used 9755K, committed 10048K, reserved 1048576K
}
Event: 7.418 GC heap after
{Heap after GC invocations=30 (full 0):
 garbage-first heap   total 245760K, used 70890K [0x0000000080000000, 0x0000000100000000)
  region size 1024K, 1 young (1024K), 1 survivors (1024K)
 Metaspace       used 72143K, committed 72704K, reserved 1114112K
  class space    used 9755K, committed 10048K, reserved 1048576K
}
Event: 8.429 GC heap before
{Heap before GC invocations=30 (full 0):
 garbage-first heap   total 245760K, used 179434K [0x0000000080000000, 0x0000000100000000)
  region size 1024K, 103 young (105472K), 1 survivors (1024K)
 Metaspace       used 81107K, committed 81728K, reserved 1179648K
  class space    used 10969K, committed 11264K, reserved 1048576K
}
Event: 8.436 GC heap after
{Heap after GC invocations=31 (full 0):
 garbage-first heap   total 245760K, used 83573K [0x0000000080000000, 0x0000000100000000)
  region size 1024K, 9 young (9216K), 9 survivors (9216K)
 Metaspace       used 81107K, committed 81728K, reserved 1179648K
  class space    used 10969K, committed 11264K, reserved 1048576K
}
Event: 9.259 GC heap before
{Heap before GC invocations=31 (full 0):
 garbage-first heap   total 245760K, used 189045K [0x0000000080000000, 0x0000000100000000)
  region size 1024K, 112 young (114688K), 9 survivors (9216K)
 Metaspace       used 87200K, committed 87808K, reserved 1179648K
  class space    used 11981K, committed 12288K, reserved 1048576K
}
Event: 9.267 GC heap after
{Heap after GC invocations=32 (full 0):
 garbage-first heap   total 245760K, used 87565K [0x0000000080000000, 0x0000000100000000)
  region size 1024K, 6 young (6144K), 6 survivors (6144K)
 Metaspace       used 87200K, committed 87808K, reserved 1179648K
  class space    used 11981K, committed 12288K, reserved 1048576K
}
Event: 50.127 GC heap before
{Heap before GC invocations=32 (full 0):
 garbage-first heap   total 245760K, used 203277K [0x0000000080000000, 0x0000000100000000)
  region size 1024K, 108 young (110592K), 6 survivors (6144K)
 Metaspace       used 94707K, committed 95488K, reserved 1179648K
  class space    used 13146K, committed 13504K, reserved 1048576K
}
Event: 50.135 GC heap after
{Heap after GC invocations=33 (full 0):
 garbage-first heap   total 245760K, used 106864K [0x0000000080000000, 0x0000000100000000)
  region size 1024K, 14 young (14336K), 14 survivors (14336K)
 Metaspace       used 94707K, committed 95488K, reserved 1179648K
  class space    used 13146K, committed 13504K, reserved 1048576K
}
Event: 51.101 GC heap before
{Heap before GC invocations=33 (full 0):
 garbage-first heap   total 245760K, used 205168K [0x0000000080000000, 0x0000000100000000)
  region size 1024K, 103 young (105472K), 14 survivors (14336K)
 Metaspace       used 99086K, committed 100032K, reserved 1179648K
  class space    used 13582K, committed 14080K, reserved 1048576K
}
Event: 51.116 GC heap after
{Heap after GC invocations=34 (full 0):
 garbage-first heap   total 245760K, used 121926K [0x0000000080000000, 0x0000000100000000)
  region size 1024K, 12 young (12288K), 12 survivors (12288K)
 Metaspace       used 99086K, committed 100032K, reserved 1179648K
  class space    used 13582K, committed 14080K, reserved 1048576K
}
Event: 51.798 GC heap before
{Heap before GC invocations=34 (full 0):
 garbage-first heap   total 245760K, used 213062K [0x0000000080000000, 0x0000000100000000)
  region size 1024K, 86 young (88064K), 12 survivors (12288K)
 Metaspace       used 105007K, committed 105920K, reserved 1179648K
  class space    used 14282K, committed 14720K, reserved 1048576K
}
Event: 51.808 GC heap after
{Heap after GC invocations=35 (full 0):
 garbage-first heap   total 245760K, used 143709K [0x0000000080000000, 0x0000000100000000)
  region size 1024K, 11 young (11264K), 11 survivors (11264K)
 Metaspace       used 105007K, committed 105920K, reserved 1179648K
  class space    used 14282K, committed 14720K, reserved 1048576K
}
Event: 52.082 GC heap before
{Heap before GC invocations=35 (full 0):
 garbage-first heap   total 245760K, used 203101K [0x0000000080000000, 0x0000000100000000)
  region size 1024K, 66 young (67584K), 11 survivors (11264K)
 Metaspace       used 105846K, committed 106752K, reserved 1179648K
  class space    used 14393K, committed 14848K, reserved 1048576K
}
Event: 52.094 GC heap after
{Heap after GC invocations=36 (full 0):
 garbage-first heap   total 245760K, used 161450K [0x0000000080000000, 0x0000000100000000)
  region size 1024K, 9 young (9216K), 9 survivors (9216K)
 Metaspace       used 105846K, committed 106752K, reserved 1179648K
  class space    used 14393K, committed 14848K, reserved 1048576K
}
Event: 52.248 GC heap before
{Heap before GC invocations=36 (full 0):
 garbage-first heap   total 245760K, used 197290K [0x0000000080000000, 0x0000000100000000)
  region size 1024K, 45 young (46080K), 9 survivors (9216K)
 Metaspace       used 105865K, committed 106816K, reserved 1179648K
  class space    used 14393K, committed 14848K, reserved 1048576K
}
Event: 52.257 GC heap after
{Heap after GC invocations=37 (full 0):
 garbage-first heap   total 245760K, used 166819K [0x0000000080000000, 0x0000000100000000)
  region size 1024K, 6 young (6144K), 6 survivors (6144K)
 Metaspace       used 105865K, committed 106816K, reserved 1179648K
  class space    used 14393K, committed 14848K, reserved 1048576K
}
Event: 52.500 GC heap before
{Heap before GC invocations=37 (full 0):
 garbage-first heap   total 245760K, used 200611K [0x0000000080000000, 0x0000000100000000)
  region size 1024K, 39 young (39936K), 6 survivors (6144K)
 Metaspace       used 105867K, committed 106816K, reserved 1179648K
  class space    used 14393K, committed 14848K, reserved 1048576K
}

