# JRE version: OpenJDK Runtime Environment (17.0.9) (build 17.0.9+0--11185874)
# Java VM: OpenJDK 64-Bit Server VM (17.0.9+0--11185874, mixed mode, tiered, compressed oops, compressed class ptrs, g1 gc, windows-amd64)
GC Precious Log:
 CPUs: 8 total, 8 available
 Memory: 7834M
 Large Page Support: Disabled
 NUMA Support: Disabled
 Compressed Oops: Enabled (32-bit)
 Heap Region Size: 1M
 Heap Min Capacity: 8M
 Heap Initial Capacity: 124M
 Heap Max Capacity: 2G
 Pre-touch: Disabled
 Parallel Workers: 8
 Concurrent Workers: 2
 Concurrent Refinement Workers: 8
 Periodic GC: Disabled
Heap:
 garbage-first heap   total 254976K, used 203650K [0x0000000080000000, 0x0000000100000000)
  region size 1024K, 58 young (59392K), 3 survivors (3072K)
 Metaspace       used 142569K, committed 143360K, reserved 1179648K
  class space    used 18399K, committed 18752K, reserved 1048576K
GC Heap History (20 events):
Event: 11.161 GC heap before
{Heap before GC invocations=34 (full 0):
 garbage-first heap   total 229376K, used 184413K [0x0000000080000000, 0x0000000100000000)
  region size 1024K, 74 young (75776K), 12 survivors (12288K)
 Metaspace       used 103346K, committed 104000K, reserved 1179648K
  class space    used 14050K, committed 14336K, reserved 1048576K
}
Event: 11.171 GC heap after
{Heap after GC invocations=35 (full 0):
 garbage-first heap   total 229376K, used 129035K [0x0000000080000000, 0x0000000100000000)
  region size 1024K, 7 young (7168K), 7 survivors (7168K)
 Metaspace       used 103346K, committed 104000K, reserved 1179648K
  class space    used 14050K, committed 14336K, reserved 1048576K
}
Event: 11.757 GC heap before
{Heap before GC invocations=35 (full 0):
 garbage-first heap   total 229376K, used 183307K [0x0000000080000000, 0x0000000100000000)
  region size 1024K, 60 young (61440K), 7 survivors (7168K)
 Metaspace       used 109503K, committed 110144K, reserved 1179648K
  class space    used 14746K, committed 15040K, reserved 1048576K
}
Event: 11.763 GC heap after
{Heap after GC invocations=36 (full 0):
 garbage-first heap   total 229376K, used 132626K [0x0000000080000000, 0x0000000100000000)
  region size 1024K, 4 young (4096K), 4 survivors (4096K)
 Metaspace       used 109503K, committed 110144K, reserved 1179648K
  class space    used 14746K, committed 15040K, reserved 1048576K
}
Event: 12.201 GC heap before
{Heap before GC invocations=36 (full 0):
 garbage-first heap   total 229376K, used 186898K [0x0000000080000000, 0x0000000100000000)
  region size 1024K, 56 young (57344K), 4 survivors (4096K)
 Metaspace       used 113824K, committed 114432K, reserved 1179648K
  class space    used 15285K, committed 15552K, reserved 1048576K
}
Event: 12.206 GC heap after
{Heap after GC invocations=37 (full 0):
 garbage-first heap   total 229376K, used 134633K [0x0000000080000000, 0x0000000100000000)
  region size 1024K, 6 young (6144K), 6 survivors (6144K)
 Metaspace       used 113824K, committed 114432K, reserved 1179648K
  class space    used 15285K, committed 15552K, reserved 1048576K
}
Event: 12.278 GC heap before
{Heap before GC invocations=37 (full 0):
 garbage-first heap   total 229376K, used 140777K [0x0000000080000000, 0x0000000100000000)
  region size 1024K, 13 young (13312K), 6 survivors (6144K)
 Metaspace       used 114275K, committed 114880K, reserved 1179648K
  class space    used 15342K, committed 15616K, reserved 1048576K
}
Event: 12.282 GC heap after
{Heap after GC invocations=38 (full 0):
 garbage-first heap   total 229376K, used 135412K [0x0000000080000000, 0x0000000100000000)
  region size 1024K, 4 young (4096K), 4 survivors (4096K)
 Metaspace       used 114275K, committed 114880K, reserved 1179648K
  class space    used 15342K, committed 15616K, reserved 1048576K
}
Event: 12.783 GC heap before
{Heap before GC invocations=39 (full 0):
 garbage-first heap   total 240640K, used 188660K [0x0000000080000000, 0x0000000100000000)
  region size 1024K, 56 young (57344K), 4 survivors (4096K)
 Metaspace       used 115548K, committed 116288K, reserved 1179648K
  class space    used 15498K, committed 15808K, reserved 1048576K
}
Event: 12.789 GC heap after
{Heap after GC invocations=40 (full 0):
 garbage-first heap   total 240640K, used 140094K [0x0000000080000000, 0x0000000100000000)
  region size 1024K, 7 young (7168K), 7 survivors (7168K)
 Metaspace       used 115548K, committed 116288K, reserved 1179648K
  class space    used 15498K, committed 15808K, reserved 1048576K
}
Event: 12.796 GC heap before
{Heap before GC invocations=40 (full 0):
 garbage-first heap   total 240640K, used 144190K [0x0000000080000000, 0x0000000100000000)
  region size 1024K, 11 young (11264K), 7 survivors (7168K)
 Metaspace       used 115556K, committed 116288K, reserved 1179648K
  class space    used 15498K, committed 15808K, reserved 1048576K
}
Event: 12.801 GC heap after
{Heap after GC invocations=41 (full 0):
 garbage-first heap   total 240640K, used 139126K [0x0000000080000000, 0x0000000100000000)
  region size 1024K, 1 young (1024K), 1 survivors (1024K)
 Metaspace       used 115556K, committed 116288K, reserved 1179648K
  class space    used 15498K, committed 15808K, reserved 1048576K
}
Event: 13.841 GC heap before
{Heap before GC invocations=41 (full 0):
 garbage-first heap   total 240640K, used 197494K [0x0000000080000000, 0x0000000100000000)
  region size 1024K, 58 young (59392K), 1 survivors (1024K)
 Metaspace       used 120855K, committed 121600K, reserved 1179648K
  class space    used 16019K, committed 16384K, reserved 1048576K
}
Event: 13.846 GC heap after
{Heap after GC invocations=42 (full 0):
 garbage-first heap   total 240640K, used 143521K [0x0000000080000000, 0x0000000100000000)
  region size 1024K, 6 young (6144K), 6 survivors (6144K)
 Metaspace       used 120855K, committed 121600K, reserved 1179648K
  class space    used 16019K, committed 16384K, reserved 1048576K
}
Event: 14.499 GC heap before
{Heap before GC invocations=43 (full 0):
 garbage-first heap   total 254976K, used 197793K [0x0000000080000000, 0x0000000100000000)
  region size 1024K, 59 young (60416K), 6 survivors (6144K)
 Metaspace       used 127083K, committed 127808K, reserved 1179648K
  class space    used 16752K, committed 17088K, reserved 1048576K
}
Event: 14.505 GC heap after
{Heap after GC invocations=44 (full 0):
 garbage-first heap   total 254976K, used 147253K [0x0000000080000000, 0x0000000100000000)
  region size 1024K, 4 young (4096K), 4 survivors (4096K)
 Metaspace       used 127083K, committed 127808K, reserved 1179648K
  class space    used 16752K, committed 17088K, reserved 1048576K
}
Event: 14.593 GC heap before
{Heap before GC invocations=44 (full 0):
 garbage-first heap   total 254976K, used 155445K [0x0000000080000000, 0x0000000100000000)
  region size 1024K, 12 young (12288K), 4 survivors (4096K)
 Metaspace       used 127976K, committed 128704K, reserved 1179648K
  class space    used 16857K, committed 17216K, reserved 1048576K
}
Event: 14.597 GC heap after
{Heap after GC invocations=45 (full 0):
 garbage-first heap   total 254976K, used 147005K [0x0000000080000000, 0x0000000100000000)
  region size 1024K, 1 young (1024K), 1 survivors (1024K)
 Metaspace       used 127976K, committed 128704K, reserved 1179648K
  class space    used 16857K, committed 17216K, reserved 1048576K
}
Event: 15.395 GC heap before
{Heap before GC invocations=45 (full 0):
 garbage-first heap   total 254976K, used 210493K [0x0000000080000000, 0x0000000100000000)
  region size 1024K, 63 young (64512K), 1 survivors (1024K)
 Metaspace       used 137535K, committed 138304K, reserved 1179648K
  class space    used 17794K, committed 18176K, reserved 1048576K
}
Event: 15.398 GC heap after
{Heap after GC invocations=46 (full 0):
 garbage-first heap   total 254976K, used 148354K [0x0000000080000000, 0x0000000100000000)
  region size 1024K, 3 young (3072K), 3 survivors (3072K)
 Metaspace       used 137535K, committed 138304K, reserved 1179648K
  class space    used 17794K, committed 18176K, reserved 1048576K
}

