# JRE version: OpenJDK Runtime Environment (17.0.9) (build 17.0.9+0--11185874)
# Java VM: OpenJDK 64-Bit Server VM (17.0.9+0--11185874, mixed mode, tiered, compressed oops, compressed class ptrs, g1 gc, windows-amd64)
GC Precious Log:
 CPUs: 8 total, 8 available
 Memory: 7834M
 Large Page Support: Disabled
 NUMA Support: Disabled
 Compressed Oops: Enabled (32-bit)
 Heap Region Size: 1M
 Heap Min Capacity: 8M
 Heap Initial Capacity: 124M
 Heap Max Capacity: 2G
 Pre-touch: Disabled
 Parallel Workers: 8
 Concurrent Workers: 2
 Concurrent Refinement Workers: 8
 Periodic GC: Disabled
Heap:
 garbage-first heap   total 260096K, used 164107K [0x0000000080000000, 0x0000000100000000)
  region size 1024K, 4 young (4096K), 4 survivors (4096K)
 Metaspace       used 103734K, committed 104704K, reserved 1179648K
  class space    used 14112K, committed 14592K, reserved 1048576K
GC Heap History (20 events):
Event: 7.254 GC heap after
{Heap after GC invocations=21 (full 0):
 garbage-first heap   total 260096K, used 87253K [0x0000000080000000, 0x0000000100000000)
  region size 1024K, 1 young (1024K), 1 survivors (1024K)
 Metaspace       used 62533K, committed 63168K, reserved 1114112K
  class space    used 8506K, committed 8832K, reserved 1048576K
}
Event: 8.134 GC heap before
{Heap before GC invocations=21 (full 0):
 garbage-first heap   total 260096K, used 166101K [0x0000000080000000, 0x0000000100000000)
  region size 1024K, 78 young (79872K), 1 survivors (1024K)
 Metaspace       used 70141K, committed 70848K, reserved 1114112K
  class space    used 9403K, committed 9728K, reserved 1048576K
}
Event: 8.139 GC heap after
{Heap after GC invocations=22 (full 0):
 garbage-first heap   total 260096K, used 89239K [0x0000000080000000, 0x0000000100000000)
  region size 1024K, 3 young (3072K), 3 survivors (3072K)
 Metaspace       used 70141K, committed 70848K, reserved 1114112K
  class space    used 9403K, committed 9728K, reserved 1048576K
}
Event: 9.226 GC heap before
{Heap before GC invocations=22 (full 0):
 garbage-first heap   total 260096K, used 211095K [0x0000000080000000, 0x0000000100000000)
  region size 1024K, 112 young (114688K), 3 survivors (3072K)
 Metaspace       used 79369K, committed 80128K, reserved 1179648K
  class space    used 10668K, committed 11008K, reserved 1048576K
}
Event: 9.233 GC heap after
{Heap after GC invocations=23 (full 0):
 garbage-first heap   total 260096K, used 101710K [0x0000000080000000, 0x0000000100000000)
  region size 1024K, 11 young (11264K), 11 survivors (11264K)
 Metaspace       used 79369K, committed 80128K, reserved 1179648K
  class space    used 10668K, committed 11008K, reserved 1048576K
}
Event: 9.982 GC heap before
{Heap before GC invocations=23 (full 0):
 garbage-first heap   total 260096K, used 194894K [0x0000000080000000, 0x0000000100000000)
  region size 1024K, 102 young (104448K), 11 survivors (11264K)
 Metaspace       used 85770K, committed 86464K, reserved 1179648K
  class space    used 11535K, committed 11904K, reserved 1048576K
}
Event: 9.990 GC heap after
{Heap after GC invocations=24 (full 0):
 garbage-first heap   total 260096K, used 108925K [0x0000000080000000, 0x0000000100000000)
  region size 1024K, 8 young (8192K), 8 survivors (8192K)
 Metaspace       used 85770K, committed 86464K, reserved 1179648K
  class space    used 11535K, committed 11904K, reserved 1048576K
}
Event: 10.748 GC heap before
{Heap before GC invocations=24 (full 0):
 garbage-first heap   total 260096K, used 200061K [0x0000000080000000, 0x0000000100000000)
  region size 1024K, 97 young (99328K), 8 survivors (8192K)
 Metaspace       used 91658K, committed 92416K, reserved 1179648K
  class space    used 12520K, committed 12864K, reserved 1048576K
}
Event: 10.757 GC heap after
{Heap after GC invocations=25 (full 0):
 garbage-first heap   total 260096K, used 111951K [0x0000000080000000, 0x0000000100000000)
  region size 1024K, 5 young (5120K), 5 survivors (5120K)
 Metaspace       used 91658K, committed 92416K, reserved 1179648K
  class space    used 12520K, committed 12864K, reserved 1048576K
}
Event: 11.787 GC heap before
{Heap before GC invocations=25 (full 0):
 garbage-first heap   total 260096K, used 213327K [0x0000000080000000, 0x0000000100000000)
  region size 1024K, 95 young (97280K), 5 survivors (5120K)
 Metaspace       used 99237K, committed 100032K, reserved 1179648K
  class space    used 13451K, committed 13824K, reserved 1048576K
}
Event: 11.794 GC heap after
{Heap after GC invocations=26 (full 0):
 garbage-first heap   total 260096K, used 123661K [0x0000000080000000, 0x0000000100000000)
  region size 1024K, 11 young (11264K), 11 survivors (11264K)
 Metaspace       used 99237K, committed 100032K, reserved 1179648K
  class space    used 13451K, committed 13824K, reserved 1048576K
}
Event: 12.501 GC heap before
{Heap before GC invocations=26 (full 0):
 garbage-first heap   total 260096K, used 165645K [0x0000000080000000, 0x0000000100000000)
  region size 1024K, 48 young (49152K), 11 survivors (11264K)
 Metaspace       used 102341K, committed 103168K, reserved 1179648K
  class space    used 13925K, committed 14336K, reserved 1048576K
}
Event: 12.510 GC heap after
{Heap after GC invocations=27 (full 0):
 garbage-first heap   total 260096K, used 136332K [0x0000000080000000, 0x0000000100000000)
  region size 1024K, 7 young (7168K), 7 survivors (7168K)
 Metaspace       used 102341K, committed 103168K, reserved 1179648K
  class space    used 13925K, committed 14336K, reserved 1048576K
}
Event: 12.886 GC heap before
{Heap before GC invocations=28 (full 0):
 garbage-first heap   total 260096K, used 197772K [0x0000000080000000, 0x0000000100000000)
  region size 1024K, 63 young (64512K), 7 survivors (7168K)
 Metaspace       used 103696K, committed 104576K, reserved 1179648K
  class space    used 14108K, committed 14592K, reserved 1048576K
}
Event: 12.899 GC heap after
{Heap after GC invocations=29 (full 0):
 garbage-first heap   total 260096K, used 150528K [0x0000000080000000, 0x0000000100000000)
  region size 1024K, 8 young (8192K), 8 survivors (8192K)
 Metaspace       used 103696K, committed 104576K, reserved 1179648K
  class space    used 14108K, committed 14592K, reserved 1048576K
}
Event: 12.911 GC heap before
{Heap before GC invocations=29 (full 0):
 garbage-first heap   total 260096K, used 154624K [0x0000000080000000, 0x0000000100000000)
  region size 1024K, 12 young (12288K), 8 survivors (8192K)
 Metaspace       used 103696K, committed 104576K, reserved 1179648K
  class space    used 14108K, committed 14592K, reserved 1048576K
}
Event: 12.920 GC heap after
{Heap after GC invocations=30 (full 0):
 garbage-first heap   total 260096K, used 151089K [0x0000000080000000, 0x0000000100000000)
  region size 1024K, 2 young (2048K), 2 survivors (2048K)
 Metaspace       used 103696K, committed 104576K, reserved 1179648K
  class space    used 14108K, committed 14592K, reserved 1048576K
}
Event: 13.152 GC heap before
{Heap before GC invocations=30 (full 0):
 garbage-first heap   total 260096K, used 199217K [0x0000000080000000, 0x0000000100000000)
  region size 1024K, 50 young (51200K), 2 survivors (2048K)
 Metaspace       used 103714K, committed 104640K, reserved 1179648K
  class space    used 14108K, committed 14592K, reserved 1048576K
}
Event: 13.164 GC heap after
{Heap after GC invocations=31 (full 0):
 garbage-first heap   total 260096K, used 162181K [0x0000000080000000, 0x0000000100000000)
  region size 1024K, 7 young (7168K), 7 survivors (7168K)
 Metaspace       used 103714K, committed 104640K, reserved 1179648K
  class space    used 14108K, committed 14592K, reserved 1048576K
}
Event: 13.416 GC heap before
{Heap before GC invocations=31 (full 0):
 garbage-first heap   total 260096K, used 205189K [0x0000000080000000, 0x0000000100000000)
  region size 1024K, 49 young (50176K), 7 survivors (7168K)
 Metaspace       used 103734K, committed 104704K, reserved 1179648K
  class space    used 14112K, committed 14592K, reserved 1048576K
}

