# JRE version: OpenJDK Runtime Environment (17.0.9) (build 17.0.9+0--11185874)
# Java VM: OpenJDK 64-Bit Server VM (17.0.9+0--11185874, mixed mode, tiered, compressed oops, compressed class ptrs, g1 gc, windows-amd64)
GC Precious Log:
 CPUs: 8 total, 8 available
 Memory: 7834M
 Large Page Support: Disabled
 NUMA Support: Disabled
 Compressed Oops: Enabled (32-bit)
 Heap Region Size: 1M
 Heap Min Capacity: 8M
 Heap Initial Capacity: 124M
 Heap Max Capacity: 2G
 Pre-touch: Disabled
 Parallel Workers: 8
 Concurrent Workers: 2
 Concurrent Refinement Workers: 8
 Periodic GC: Disabled
Heap:
 garbage-first heap   total 86016K, used 44979K [0x0000000080000000, 0x0000000100000000)
  region size 1024K, 11 young (11264K), 5 survivors (5120K)
 Metaspace       used 56146K, committed 56704K, reserved 1114112K
  class space    used 7694K, committed 8000K, reserved 1048576K
GC Heap History (20 events):
Event: 2.672 GC heap before
{Heap before GC invocations=5 (full 0):
 garbage-first heap   total 71680K, used 49588K [0x0000000080000000, 0x0000000100000000)
  region size 1024K, 31 young (31744K), 2 survivors (2048K)
 Metaspace       used 30641K, committed 30912K, reserved 1114112K
  class space    used 4085K, committed 4224K, reserved 1048576K
}
Event: 2.675 GC heap after
{Heap after GC invocations=6 (full 0):
 garbage-first heap   total 71680K, used 22464K [0x0000000080000000, 0x0000000100000000)
  region size 1024K, 4 young (4096K), 4 survivors (4096K)
 Metaspace       used 30641K, committed 30912K, reserved 1114112K
  class space    used 4085K, committed 4224K, reserved 1048576K
}
Event: 3.215 GC heap before
{Heap before GC invocations=6 (full 0):
 garbage-first heap   total 71680K, used 52160K [0x0000000080000000, 0x0000000100000000)
  region size 1024K, 33 young (33792K), 4 survivors (4096K)
 Metaspace       used 34216K, committed 34560K, reserved 1114112K
  class space    used 4675K, committed 4800K, reserved 1048576K
}
Event: 3.218 GC heap after
{Heap after GC invocations=7 (full 0):
 garbage-first heap   total 71680K, used 23732K [0x0000000080000000, 0x0000000100000000)
  region size 1024K, 3 young (3072K), 3 survivors (3072K)
 Metaspace       used 34216K, committed 34560K, reserved 1114112K
  class space    used 4675K, committed 4800K, reserved 1048576K
}
Event: 3.399 GC heap before
{Heap before GC invocations=7 (full 0):
 garbage-first heap   total 71680K, used 29876K [0x0000000080000000, 0x0000000100000000)
  region size 1024K, 11 young (11264K), 3 survivors (3072K)
 Metaspace       used 35633K, committed 35968K, reserved 1114112K
  class space    used 4862K, committed 5056K, reserved 1048576K
}
Event: 3.403 GC heap after
{Heap after GC invocations=8 (full 0):
 garbage-first heap   total 71680K, used 24076K [0x0000000080000000, 0x0000000100000000)
  region size 1024K, 2 young (2048K), 2 survivors (2048K)
 Metaspace       used 35633K, committed 35968K, reserved 1114112K
  class space    used 4862K, committed 5056K, reserved 1048576K
}
Event: 3.966 GC heap before
{Heap before GC invocations=9 (full 0):
 garbage-first heap   total 71680K, used 53772K [0x0000000080000000, 0x0000000100000000)
  region size 1024K, 32 young (32768K), 2 survivors (2048K)
 Metaspace       used 40973K, committed 41344K, reserved 1114112K
  class space    used 5427K, committed 5568K, reserved 1048576K
}
Event: 3.970 GC heap after
{Heap after GC invocations=10 (full 0):
 garbage-first heap   total 71680K, used 27892K [0x0000000080000000, 0x0000000100000000)
  region size 1024K, 4 young (4096K), 4 survivors (4096K)
 Metaspace       used 40973K, committed 41344K, reserved 1114112K
  class space    used 5427K, committed 5568K, reserved 1048576K
}
Event: 4.268 GC heap before
{Heap before GC invocations=10 (full 0):
 garbage-first heap   total 71680K, used 54516K [0x0000000080000000, 0x0000000100000000)
  region size 1024K, 30 young (30720K), 4 survivors (4096K)
 Metaspace       used 42152K, committed 42496K, reserved 1114112K
  class space    used 5601K, committed 5760K, reserved 1048576K
}
Event: 4.273 GC heap after
{Heap after GC invocations=11 (full 0):
 garbage-first heap   total 71680K, used 29929K [0x0000000080000000, 0x0000000100000000)
  region size 1024K, 2 young (2048K), 2 survivors (2048K)
 Metaspace       used 42152K, committed 42496K, reserved 1114112K
  class space    used 5601K, committed 5760K, reserved 1048576K
}
Event: 5.437 GC heap before
{Heap before GC invocations=11 (full 0):
 garbage-first heap   total 71680K, used 56553K [0x0000000080000000, 0x0000000100000000)
  region size 1024K, 27 young (27648K), 2 survivors (2048K)
 Metaspace       used 45819K, committed 46208K, reserved 1114112K
  class space    used 6131K, committed 6272K, reserved 1048576K
}
Event: 5.439 GC heap after
{Heap after GC invocations=12 (full 0):
 garbage-first heap   total 71680K, used 31998K [0x0000000080000000, 0x0000000100000000)
  region size 1024K, 4 young (4096K), 4 survivors (4096K)
 Metaspace       used 45819K, committed 46208K, reserved 1114112K
  class space    used 6131K, committed 6272K, reserved 1048576K
}
Event: 6.011 GC heap before
{Heap before GC invocations=12 (full 0):
 garbage-first heap   total 71680K, used 56574K [0x0000000080000000, 0x0000000100000000)
  region size 1024K, 28 young (28672K), 4 survivors (4096K)
 Metaspace       used 48927K, committed 49344K, reserved 1114112K
  class space    used 6612K, committed 6848K, reserved 1048576K
}
Event: 6.015 GC heap after
{Heap after GC invocations=13 (full 0):
 garbage-first heap   total 71680K, used 32978K [0x0000000080000000, 0x0000000100000000)
  region size 1024K, 2 young (2048K), 2 survivors (2048K)
 Metaspace       used 48927K, committed 49344K, reserved 1114112K
  class space    used 6612K, committed 6848K, reserved 1048576K
}
Event: 6.478 GC heap before
{Heap before GC invocations=13 (full 0):
 garbage-first heap   total 71680K, used 56530K [0x0000000080000000, 0x0000000100000000)
  region size 1024K, 25 young (25600K), 2 survivors (2048K)
 Metaspace       used 52123K, committed 52544K, reserved 1114112K
  class space    used 7132K, committed 7360K, reserved 1048576K
}
Event: 6.482 GC heap after
{Heap after GC invocations=14 (full 0):
 garbage-first heap   total 71680K, used 34144K [0x0000000080000000, 0x0000000100000000)
  region size 1024K, 3 young (3072K), 3 survivors (3072K)
 Metaspace       used 52123K, committed 52544K, reserved 1114112K
  class space    used 7132K, committed 7360K, reserved 1048576K
}
Event: 6.979 GC heap before
{Heap before GC invocations=15 (full 0):
 garbage-first heap   total 71680K, used 55648K [0x0000000080000000, 0x0000000100000000)
  region size 1024K, 25 young (25600K), 3 survivors (3072K)
 Metaspace       used 54690K, committed 55168K, reserved 1114112K
  class space    used 7544K, committed 7744K, reserved 1048576K
}
Event: 6.991 GC heap after
{Heap after GC invocations=16 (full 0):
 garbage-first heap   total 86016K, used 35484K [0x0000000080000000, 0x0000000100000000)
  region size 1024K, 3 young (3072K), 3 survivors (3072K)
 Metaspace       used 54690K, committed 55168K, reserved 1114112K
  class space    used 7544K, committed 7744K, reserved 1048576K
}
Event: 8.139 GC heap before
{Heap before GC invocations=16 (full 0):
 garbage-first heap   total 86016K, used 68252K [0x0000000080000000, 0x0000000100000000)
  region size 1024K, 35 young (35840K), 3 survivors (3072K)
 Metaspace       used 55889K, committed 56448K, reserved 1114112K
  class space    used 7661K, committed 7936K, reserved 1048576K
}
Event: 8.143 GC heap after
{Heap after GC invocations=17 (full 0):
 garbage-first heap   total 86016K, used 40883K [0x0000000080000000, 0x0000000100000000)
  region size 1024K, 5 young (5120K), 5 survivors (5120K)
 Metaspace       used 55889K, committed 56448K, reserved 1114112K
  class space    used 7661K, committed 7936K, reserved 1048576K
}

