# JRE version: OpenJDK Runtime Environment (17.0.9) (build 17.0.9+0--11185874)
# Java VM: OpenJDK 64-Bit Server VM (17.0.9+0--11185874, mixed mode, tiered, compressed oops, compressed class ptrs, g1 gc, windows-amd64)
GC Precious Log:
 CPUs: 8 total, 8 available
 Memory: 7834M
 Large Page Support: Disabled
 NUMA Support: Disabled
 Compressed Oops: Enabled (32-bit)
 Heap Region Size: 1M
 Heap Min Capacity: 8M
 Heap Initial Capacity: 124M
 Heap Max Capacity: 2G
 Pre-touch: Disabled
 Parallel Workers: 8
 Concurrent Workers: 2
 Concurrent Refinement Workers: 8
 Periodic GC: Disabled
Heap:
 garbage-first heap   total 270336K, used 129436K [0x0000000080000000, 0x0000000100000000)
  region size 1024K, 15 young (15360K), 14 survivors (14336K)
 Metaspace       used 106836K, committed 107648K, reserved 1179648K
  class space    used 14412K, committed 14784K, reserved 1048576K
GC Heap History (20 events):
Event: 6.635 GC heap before
{Heap before GC invocations=25 (full 0):
 garbage-first heap   total 121856K, used 96860K [0x0000000080000000, 0x0000000100000000)
  region size 1024K, 40 young (40960K), 5 survivors (5120K)
 Metaspace       used 67954K, committed 68608K, reserved 1114112K
  class space    used 9227K, committed 9536K, reserved 1048576K
}
Event: 6.640 GC heap after
{Heap after GC invocations=26 (full 0):
 garbage-first heap   total 121856K, used 62961K [0x0000000080000000, 0x0000000100000000)
  region size 1024K, 3 young (3072K), 3 survivors (3072K)
 Metaspace       used 67954K, committed 68608K, reserved 1114112K
  class space    used 9227K, committed 9536K, reserved 1048576K
}
Event: 7.032 GC heap before
{Heap before GC invocations=26 (full 0):
 garbage-first heap   total 121856K, used 94705K [0x0000000080000000, 0x0000000100000000)
  region size 1024K, 36 young (36864K), 3 survivors (3072K)
 Metaspace       used 68805K, committed 69504K, reserved 1114112K
  class space    used 9293K, committed 9600K, reserved 1048576K
}
Event: 7.037 GC heap after
{Heap after GC invocations=27 (full 0):
 garbage-first heap   total 121856K, used 68069K [0x0000000080000000, 0x0000000100000000)
  region size 1024K, 5 young (5120K), 5 survivors (5120K)
 Metaspace       used 68805K, committed 69504K, reserved 1114112K
  class space    used 9293K, committed 9600K, reserved 1048576K
}
Event: 7.251 GC heap before
{Heap before GC invocations=28 (full 0):
 garbage-first heap   total 135168K, used 111077K [0x0000000080000000, 0x0000000100000000)
  region size 1024K, 34 young (34816K), 5 survivors (5120K)
 Metaspace       used 70247K, committed 70912K, reserved 1114112K
  class space    used 9485K, committed 9792K, reserved 1048576K
}
Event: 7.256 GC heap after
{Heap after GC invocations=29 (full 0):
 garbage-first heap   total 135168K, used 90124K [0x0000000080000000, 0x0000000100000000)
  region size 1024K, 5 young (5120K), 5 survivors (5120K)
 Metaspace       used 70247K, committed 70912K, reserved 1114112K
  class space    used 9485K, committed 9792K, reserved 1048576K
}
Event: 7.267 GC heap before
{Heap before GC invocations=29 (full 0):
 garbage-first heap   total 135168K, used 91148K [0x0000000080000000, 0x0000000100000000)
  region size 1024K, 6 young (6144K), 5 survivors (5120K)
 Metaspace       used 70316K, committed 70912K, reserved 1114112K
  class space    used 9498K, committed 9792K, reserved 1048576K
}
Event: 7.270 GC heap after
{Heap after GC invocations=30 (full 0):
 garbage-first heap   total 135168K, used 90546K [0x0000000080000000, 0x0000000100000000)
  region size 1024K, 1 young (1024K), 1 survivors (1024K)
 Metaspace       used 70316K, committed 70912K, reserved 1114112K
  class space    used 9498K, committed 9792K, reserved 1048576K
}
Event: 7.442 GC heap before
{Heap before GC invocations=30 (full 0):
 garbage-first heap   total 135168K, used 111026K [0x0000000080000000, 0x0000000100000000)
  region size 1024K, 21 young (21504K), 1 survivors (1024K)
 Metaspace       used 71926K, committed 72640K, reserved 1114112K
  class space    used 9716K, committed 10048K, reserved 1048576K
}
Event: 7.444 GC heap after
{Heap after GC invocations=31 (full 0):
 garbage-first heap   total 135168K, used 90620K [0x0000000080000000, 0x0000000100000000)
  region size 1024K, 1 young (1024K), 1 survivors (1024K)
 Metaspace       used 71926K, committed 72640K, reserved 1114112K
  class space    used 9716K, committed 10048K, reserved 1048576K
}
Event: 7.647 GC heap before
{Heap before GC invocations=32 (full 0):
 garbage-first heap   total 158720K, used 111100K [0x0000000080000000, 0x0000000100000000)
  region size 1024K, 22 young (22528K), 1 survivors (1024K)
 Metaspace       used 74088K, committed 74752K, reserved 1114112K
  class space    used 9950K, committed 10240K, reserved 1048576K
}
Event: 7.650 GC heap after
{Heap after GC invocations=33 (full 0):
 garbage-first heap   total 158720K, used 91087K [0x0000000080000000, 0x0000000100000000)
  region size 1024K, 1 young (1024K), 1 survivors (1024K)
 Metaspace       used 74088K, committed 74752K, reserved 1114112K
  class space    used 9950K, committed 10240K, reserved 1048576K
}
Event: 7.703 GC heap before
{Heap before GC invocations=33 (full 0):
 garbage-first heap   total 158720K, used 96207K [0x0000000080000000, 0x0000000100000000)
  region size 1024K, 7 young (7168K), 1 survivors (1024K)
 Metaspace       used 74940K, committed 75648K, reserved 1114112K
  class space    used 10042K, committed 10368K, reserved 1048576K
}
Event: 7.706 GC heap after
{Heap after GC invocations=34 (full 0):
 garbage-first heap   total 270336K, used 90304K [0x0000000080000000, 0x0000000100000000)
  region size 1024K, 1 young (1024K), 1 survivors (1024K)
 Metaspace       used 74940K, committed 75648K, reserved 1114112K
  class space    used 10042K, committed 10368K, reserved 1048576K
}
Event: 8.639 GC heap before
{Heap before GC invocations=34 (full 0):
 garbage-first heap   total 270336K, used 193728K [0x0000000080000000, 0x0000000100000000)
  region size 1024K, 96 young (98304K), 1 survivors (1024K)
 Metaspace       used 83048K, committed 83776K, reserved 1179648K
  class space    used 11093K, committed 11456K, reserved 1048576K
}
Event: 8.645 GC heap after
{Heap after GC invocations=35 (full 0):
 garbage-first heap   total 270336K, used 96781K [0x0000000080000000, 0x0000000100000000)
  region size 1024K, 8 young (8192K), 8 survivors (8192K)
 Metaspace       used 83048K, committed 83776K, reserved 1179648K
  class space    used 11093K, committed 11456K, reserved 1048576K
}
Event: 9.760 GC heap before
{Heap before GC invocations=35 (full 0):
 garbage-first heap   total 270336K, used 211469K [0x0000000080000000, 0x0000000100000000)
  region size 1024K, 116 young (118784K), 8 survivors (8192K)
 Metaspace       used 92902K, committed 93632K, reserved 1179648K
  class space    used 12456K, committed 12800K, reserved 1048576K
}
Event: 9.768 GC heap after
{Heap after GC invocations=36 (full 0):
 garbage-first heap   total 270336K, used 106988K [0x0000000080000000, 0x0000000100000000)
  region size 1024K, 13 young (13312K), 13 survivors (13312K)
 Metaspace       used 92902K, committed 93632K, reserved 1179648K
  class space    used 12456K, committed 12800K, reserved 1048576K
}
Event: 10.810 GC heap before
{Heap before GC invocations=36 (full 0):
 garbage-first heap   total 270336K, used 213484K [0x0000000080000000, 0x0000000100000000)
  region size 1024K, 117 young (119808K), 13 survivors (13312K)
 Metaspace       used 98490K, committed 99200K, reserved 1179648K
  class space    used 13306K, committed 13632K, reserved 1048576K
}
Event: 10.820 GC heap after
{Heap after GC invocations=37 (full 0):
 garbage-first heap   total 270336K, used 113133K [0x0000000080000000, 0x0000000100000000)
  region size 1024K, 12 young (12288K), 12 survivors (12288K)
 Metaspace       used 98490K, committed 99200K, reserved 1179648K
  class space    used 13306K, committed 13632K, reserved 1048576K
}

